C:\Users\fraun\OneDrive\Documents\Stock Evaluator\src\fmp_mapping.py:497: FutureWarning: The behavior of DataFrame concatenation with empty or all-NA entries is deprecated. In a future version, this will no longer exclude empty or all-NA columns when determining the result dtypes. To retain the old behavior, exclude the relevant entries before the concat operation.
  combined = pd.concat([fmp_pad[all_cols], sf_pad[all_cols]], ignore_index=True)
C:\Users\fraun\OneDrive\Documents\Stock Evaluator\src\fmp_mapping.py:497: FutureWarning: The behavior of DataFrame concatenation with empty or all-NA entries is deprecated. In a future version, this will no longer exclude empty or all-NA columns when determining the result dtypes. To retain the old behavior, exclude the relevant entries before the concat operation.
  combined = pd.concat([fmp_pad[all_cols], sf_pad[all_cols]], ignore_index=True)
C:\Users\fraun\OneDrive\Documents\Stock Evaluator\src\fmp_mapping.py:497: FutureWarning: The behavior of DataFrame concatenation with empty or all-NA entries is deprecated. In a future version, this will no longer exclude empty or all-NA columns when determining the result dtypes. To retain the old behavior, exclude the relevant entries before the concat operation.
  combined = pd.concat([fmp_pad[all_cols], sf_pad[all_cols]], ignore_index=True)
C:\Users\fraun\OneDrive\Documents\Stock Evaluator\src\fmp_mapping.py:497: FutureWarning: The behavior of DataFrame concatenation with empty or all-NA entries is deprecated. In a future version, this will no longer exclude empty or all-NA columns when determining the result dtypes. To retain the old behavior, exclude the relevant entries before the concat operation.
  combined = pd.concat([fmp_pad[all_cols], sf_pad[all_cols]], ignore_index=True)
C:\Users\fraun\OneDrive\Documents\Stock Evaluator\src\fmp_mapping.py:497: FutureWarning: The behavior of DataFrame concatenation with empty or all-NA entries is deprecated. In a future version, this will no longer exclude empty or all-NA columns when determining the result dtypes. To retain the old behavior, exclude the relevant entries before the concat operation.
  combined = pd.concat([fmp_pad[all_cols], sf_pad[all_cols]], ignore_index=True)
C:\Users\fraun\OneDrive\Documents\Stock Evaluator\src\fmp_mapping.py:497: FutureWarning: The behavior of DataFrame concatenation with empty or all-NA entries is deprecated. In a future version, this will no longer exclude empty or all-NA columns when determining the result dtypes. To retain the old behavior, exclude the relevant entries before the concat operation.
  combined = pd.concat([fmp_pad[all_cols], sf_pad[all_cols]], ignore_index=True)
C:\Users\fraun\OneDrive\Documents\Stock Evaluator\src\fmp_mapping.py:497: FutureWarning: The behavior of DataFrame concatenation with empty or all-NA entries is deprecated. In a future version, this will no longer exclude empty or all-NA columns when determining the result dtypes. To retain the old behavior, exclude the relevant entries before the concat operation.
  combined = pd.concat([fmp_pad[all_cols], sf_pad[all_cols]], ignore_index=True)
C:\Users\fraun\OneDrive\Documents\Stock Evaluator\src\fmp_mapping.py:497: FutureWarning: The behavior of DataFrame concatenation with empty or all-NA entries is deprecated. In a future version, this will no longer exclude empty or all-NA columns when determining the result dtypes. To retain the old behavior, exclude the relevant entries before the concat operation.
  combined = pd.concat([fmp_pad[all_cols], sf_pad[all_cols]], ignore_index=True)
C:\Users\fraun\OneDrive\Documents\Stock Evaluator\src\fmp_mapping.py:497: FutureWarning: The behavior of DataFrame concatenation with empty or all-NA entries is deprecated. In a future version, this will no longer exclude empty or all-NA columns when determining the result dtypes. To retain the old behavior, exclude the relevant entries before the concat operation.
  combined = pd.concat([fmp_pad[all_cols], sf_pad[all_cols]], ignore_index=True)
C:\Users\fraun\OneDrive\Documents\Stock Evaluator\src\fmp_mapping.py:497: FutureWarning: The behavior of DataFrame concatenation with empty or all-NA entries is deprecated. In a future version, this will no longer exclude empty or all-NA columns when determining the result dtypes. To retain the old behavior, exclude the relevant entries before the concat operation.
  combined = pd.concat([fmp_pad[all_cols], sf_pad[all_cols]], ignore_index=True)
C:\Users\fraun\OneDrive\Documents\Stock Evaluator\src\fmp_mapping.py:497: FutureWarning: The behavior of DataFrame concatenation with empty or all-NA entries is deprecated. In a future version, this will no longer exclude empty or all-NA columns when determining the result dtypes. To retain the old behavior, exclude the relevant entries before the concat operation.
  combined = pd.concat([fmp_pad[all_cols], sf_pad[all_cols]], ignore_index=True)
C:\Users\fraun\OneDrive\Documents\Stock Evaluator\src\fmp_mapping.py:497: FutureWarning: The behavior of DataFrame concatenation with empty or all-NA entries is deprecated. In a future version, this will no longer exclude empty or all-NA columns when determining the result dtypes. To retain the old behavior, exclude the relevant entries before the concat operation.
  combined = pd.concat([fmp_pad[all_cols], sf_pad[all_cols]], ignore_index=True)
C:\Users\fraun\OneDrive\Documents\Stock Evaluator\src\fmp_mapping.py:497: FutureWarning: The behavior of DataFrame concatenation with empty or all-NA entries is deprecated. In a future version, this will no longer exclude empty or all-NA columns when determining the result dtypes. To retain the old behavior, exclude the relevant entries before the concat operation.
  combined = pd.concat([fmp_pad[all_cols], sf_pad[all_cols]], ignore_index=True)
C:\Users\fraun\OneDrive\Documents\Stock Evaluator\src\fmp_mapping.py:497: FutureWarning: The behavior of DataFrame concatenation with empty or all-NA entries is deprecated. In a future version, this will no longer exclude empty or all-NA columns when determining the result dtypes. To retain the old behavior, exclude the relevant entries before the concat operation.
  combined = pd.concat([fmp_pad[all_cols], sf_pad[all_cols]], ignore_index=True)
C:\Users\fraun\OneDrive\Documents\Stock Evaluator\src\fmp_mapping.py:497: FutureWarning: The behavior of DataFrame concatenation with empty or all-NA entries is deprecated. In a future version, this will no longer exclude empty or all-NA columns when determining the result dtypes. To retain the old behavior, exclude the relevant entries before the concat operation.
  combined = pd.concat([fmp_pad[all_cols], sf_pad[all_cols]], ignore_index=True)
C:\Users\fraun\OneDrive\Documents\Stock Evaluator\src\fmp_mapping.py:497: FutureWarning: The behavior of DataFrame concatenation with empty or all-NA entries is deprecated. In a future version, this will no longer exclude empty or all-NA columns when determining the result dtypes. To retain the old behavior, exclude the relevant entries before the concat operation.
  combined = pd.concat([fmp_pad[all_cols], sf_pad[all_cols]], ignore_index=True)
C:\Users\fraun\OneDrive\Documents\Stock Evaluator\src\fmp_mapping.py:497: FutureWarning: The behavior of DataFrame concatenation with empty or all-NA entries is deprecated. In a future version, this will no longer exclude empty or all-NA columns when determining the result dtypes. To retain the old behavior, exclude the relevant entries before the concat operation.
  combined = pd.concat([fmp_pad[all_cols], sf_pad[all_cols]], ignore_index=True)
C:\Users\fraun\OneDrive\Documents\Stock Evaluator\src\fmp_mapping.py:497: FutureWarning: The behavior of DataFrame concatenation with empty or all-NA entries is deprecated. In a future version, this will no longer exclude empty or all-NA columns when determining the result dtypes. To retain the old behavior, exclude the relevant entries before the concat operation.
  combined = pd.concat([fmp_pad[all_cols], sf_pad[all_cols]], ignore_index=True)
C:\Users\fraun\OneDrive\Documents\Stock Evaluator\src\fmp_mapping.py:497: FutureWarning: The behavior of DataFrame concatenation with empty or all-NA entries is deprecated. In a future version, this will no longer exclude empty or all-NA columns when determining the result dtypes. To retain the old behavior, exclude the relevant entries before the concat operation.
  combined = pd.concat([fmp_pad[all_cols], sf_pad[all_cols]], ignore_index=True)
C:\Users\fraun\OneDrive\Documents\Stock Evaluator\src\fmp_mapping.py:503: FutureWarning: The behavior of DataFrame concatenation with empty or all-NA entries is deprecated. In a future version, this will no longer exclude empty or all-NA columns when determining the result dtypes. To retain the old behavior, exclude the relevant entries before the concat operation.
  merged = pd.concat(rows_out, ignore_index=True)
C:\Users\fraun\OneDrive\Documents\Stock Evaluator\src\fmp_mapping.py:497: FutureWarning: The behavior of DataFrame concatenation with empty or all-NA entries is deprecated. In a future version, this will no longer exclude empty or all-NA columns when determining the result dtypes. To retain the old behavior, exclude the relevant entries before the concat operation.
  combined = pd.concat([fmp_pad[all_cols], sf_pad[all_cols]], ignore_index=True)
C:\Users\fraun\OneDrive\Documents\Stock Evaluator\src\fmp_mapping.py:497: FutureWarning: The behavior of DataFrame concatenation with empty or all-NA entries is deprecated. In a future version, this will no longer exclude empty or all-NA columns when determining the result dtypes. To retain the old behavior, exclude the relevant entries before the concat operation.
  combined = pd.concat([fmp_pad[all_cols], sf_pad[all_cols]], ignore_index=True)
C:\Users\fraun\OneDrive\Documents\Stock Evaluator\src\fmp_mapping.py:497: FutureWarning: The behavior of DataFrame concatenation with empty or all-NA entries is deprecated. In a future version, this will no longer exclude empty or all-NA columns when determining the result dtypes. To retain the old behavior, exclude the relevant entries before the concat operation.
  combined = pd.concat([fmp_pad[all_cols], sf_pad[all_cols]], ignore_index=True)
C:\Users\fraun\OneDrive\Documents\Stock Evaluator\src\fmp_mapping.py:497: FutureWarning: The behavior of DataFrame concatenation with empty or all-NA entries is deprecated. In a future version, this will no longer exclude empty or all-NA columns when determining the result dtypes. To retain the old behavior, exclude the relevant entries before the concat operation.
  combined = pd.concat([fmp_pad[all_cols], sf_pad[all_cols]], ignore_index=True)
C:\Users\fraun\OneDrive\Documents\Stock Evaluator\src\fmp_mapping.py:497: FutureWarning: The behavior of DataFrame concatenation with empty or all-NA entries is deprecated. In a future version, this will no longer exclude empty or all-NA columns when determining the result dtypes. To retain the old behavior, exclude the relevant entries before the concat operation.
  combined = pd.concat([fmp_pad[all_cols], sf_pad[all_cols]], ignore_index=True)
C:\Users\fraun\OneDrive\Documents\Stock Evaluator\src\fmp_mapping.py:497: FutureWarning: The behavior of DataFrame concatenation with empty or all-NA entries is deprecated. In a future version, this will no longer exclude empty or all-NA columns when determining the result dtypes. To retain the old behavior, exclude the relevant entries before the concat operation.
  combined = pd.concat([fmp_pad[all_cols], sf_pad[all_cols]], ignore_index=True)
C:\Users\fraun\OneDrive\Documents\Stock Evaluator\src\fmp_mapping.py:497: FutureWarning: The behavior of DataFrame concatenation with empty or all-NA entries is deprecated. In a future version, this will no longer exclude empty or all-NA columns when determining the result dtypes. To retain the old behavior, exclude the relevant entries before the concat operation.
  combined = pd.concat([fmp_pad[all_cols], sf_pad[all_cols]], ignore_index=True)
C:\Users\fraun\OneDrive\Documents\Stock Evaluator\src\fmp_mapping.py:497: FutureWarning: The behavior of DataFrame concatenation with empty or all-NA entries is deprecated. In a future version, this will no longer exclude empty or all-NA columns when determining the result dtypes. To retain the old behavior, exclude the relevant entries before the concat operation.
  combined = pd.concat([fmp_pad[all_cols], sf_pad[all_cols]], ignore_index=True)
C:\Users\fraun\OneDrive\Documents\Stock Evaluator\src\fmp_mapping.py:497: FutureWarning: The behavior of DataFrame concatenation with empty or all-NA entries is deprecated. In a future version, this will no longer exclude empty or all-NA columns when determining the result dtypes. To retain the old behavior, exclude the relevant entries before the concat operation.
  combined = pd.concat([fmp_pad[all_cols], sf_pad[all_cols]], ignore_index=True)
C:\Users\fraun\OneDrive\Documents\Stock Evaluator\src\fmp_mapping.py:497: FutureWarning: The behavior of DataFrame concatenation with empty or all-NA entries is deprecated. In a future version, this will no longer exclude empty or all-NA columns when determining the result dtypes. To retain the old behavior, exclude the relevant entries before the concat operation.
  combined = pd.concat([fmp_pad[all_cols], sf_pad[all_cols]], ignore_index=True)
C:\Users\fraun\OneDrive\Documents\Stock Evaluator\src\fmp_mapping.py:497: FutureWarning: The behavior of DataFrame concatenation with empty or all-NA entries is deprecated. In a future version, this will no longer exclude empty or all-NA columns when determining the result dtypes. To retain the old behavior, exclude the relevant entries before the concat operation.
  combined = pd.concat([fmp_pad[all_cols], sf_pad[all_cols]], ignore_index=True)
C:\Users\fraun\OneDrive\Documents\Stock Evaluator\src\fmp_mapping.py:497: FutureWarning: The behavior of DataFrame concatenation with empty or all-NA entries is deprecated. In a future version, this will no longer exclude empty or all-NA columns when determining the result dtypes. To retain the old behavior, exclude the relevant entries before the concat operation.
  combined = pd.concat([fmp_pad[all_cols], sf_pad[all_cols]], ignore_index=True)
C:\Users\fraun\OneDrive\Documents\Stock Evaluator\src\fmp_mapping.py:497: FutureWarning: The behavior of DataFrame concatenation with empty or all-NA entries is deprecated. In a future version, this will no longer exclude empty or all-NA columns when determining the result dtypes. To retain the old behavior, exclude the relevant entries before the concat operation.
  combined = pd.concat([fmp_pad[all_cols], sf_pad[all_cols]], ignore_index=True)
C:\Users\fraun\OneDrive\Documents\Stock Evaluator\src\fmp_mapping.py:497: FutureWarning: The behavior of DataFrame concatenation with empty or all-NA entries is deprecated. In a future version, this will no longer exclude empty or all-NA columns when determining the result dtypes. To retain the old behavior, exclude the relevant entries before the concat operation.
  combined = pd.concat([fmp_pad[all_cols], sf_pad[all_cols]], ignore_index=True)
C:\Users\fraun\OneDrive\Documents\Stock Evaluator\src\fmp_mapping.py:497: FutureWarning: The behavior of DataFrame concatenation with empty or all-NA entries is deprecated. In a future version, this will no longer exclude empty or all-NA columns when determining the result dtypes. To retain the old behavior, exclude the relevant entries before the concat operation.
  combined = pd.concat([fmp_pad[all_cols], sf_pad[all_cols]], ignore_index=True)
C:\Users\fraun\OneDrive\Documents\Stock Evaluator\src\fmp_mapping.py:497: FutureWarning: The behavior of DataFrame concatenation with empty or all-NA entries is deprecated. In a future version, this will no longer exclude empty or all-NA columns when determining the result dtypes. To retain the old behavior, exclude the relevant entries before the concat operation.
  combined = pd.concat([fmp_pad[all_cols], sf_pad[all_cols]], ignore_index=True)
C:\Users\fraun\OneDrive\Documents\Stock Evaluator\src\fmp_mapping.py:497: FutureWarning: The behavior of DataFrame concatenation with empty or all-NA entries is deprecated. In a future version, this will no longer exclude empty or all-NA columns when determining the result dtypes. To retain the old behavior, exclude the relevant entries before the concat operation.
  combined = pd.concat([fmp_pad[all_cols], sf_pad[all_cols]], ignore_index=True)
C:\Users\fraun\OneDrive\Documents\Stock Evaluator\src\fmp_mapping.py:497: FutureWarning: The behavior of DataFrame concatenation with empty or all-NA entries is deprecated. In a future version, this will no longer exclude empty or all-NA columns when determining the result dtypes. To retain the old behavior, exclude the relevant entries before the concat operation.
  combined = pd.concat([fmp_pad[all_cols], sf_pad[all_cols]], ignore_index=True)
C:\Users\fraun\OneDrive\Documents\Stock Evaluator\src\fmp_mapping.py:497: FutureWarning: The behavior of DataFrame concatenation with empty or all-NA entries is deprecated. In a future version, this will no longer exclude empty or all-NA columns when determining the result dtypes. To retain the old behavior, exclude the relevant entries before the concat operation.
  combined = pd.concat([fmp_pad[all_cols], sf_pad[all_cols]], ignore_index=True)
C:\Users\fraun\OneDrive\Documents\Stock Evaluator\src\fmp_mapping.py:497: FutureWarning: The behavior of DataFrame concatenation with empty or all-NA entries is deprecated. In a future version, this will no longer exclude empty or all-NA columns when determining the result dtypes. To retain the old behavior, exclude the relevant entries before the concat operation.
  combined = pd.concat([fmp_pad[all_cols], sf_pad[all_cols]], ignore_index=True)
C:\Users\fraun\OneDrive\Documents\Stock Evaluator\src\fmp_mapping.py:497: FutureWarning: The behavior of DataFrame concatenation with empty or all-NA entries is deprecated. In a future version, this will no longer exclude empty or all-NA columns when determining the result dtypes. To retain the old behavior, exclude the relevant entries before the concat operation.
  combined = pd.concat([fmp_pad[all_cols], sf_pad[all_cols]], ignore_index=True)
C:\Users\fraun\OneDrive\Documents\Stock Evaluator\src\fmp_mapping.py:497: FutureWarning: The behavior of DataFrame concatenation with empty or all-NA entries is deprecated. In a future version, this will no longer exclude empty or all-NA columns when determining the result dtypes. To retain the old behavior, exclude the relevant entries before the concat operation.
  combined = pd.concat([fmp_pad[all_cols], sf_pad[all_cols]], ignore_index=True)
C:\Users\fraun\OneDrive\Documents\Stock Evaluator\src\fmp_mapping.py:497: FutureWarning: The behavior of DataFrame concatenation with empty or all-NA entries is deprecated. In a future version, this will no longer exclude empty or all-NA columns when determining the result dtypes. To retain the old behavior, exclude the relevant entries before the concat operation.
  combined = pd.concat([fmp_pad[all_cols], sf_pad[all_cols]], ignore_index=True)
C:\Users\fraun\OneDrive\Documents\Stock Evaluator\src\fmp_mapping.py:503: FutureWarning: The behavior of DataFrame concatenation with empty or all-NA entries is deprecated. In a future version, this will no longer exclude empty or all-NA columns when determining the result dtypes. To retain the old behavior, exclude the relevant entries before the concat operation.
  merged = pd.concat(rows_out, ignore_index=True)
C:\Users\fraun\OneDrive\Documents\Stock Evaluator\src\fmp_mapping.py:503: FutureWarning: The behavior of DataFrame concatenation with empty or all-NA entries is deprecated. In a future version, this will no longer exclude empty or all-NA columns when determining the result dtypes. To retain the old behavior, exclude the relevant entries before the concat operation.
  merged = pd.concat(rows_out, ignore_index=True)
C:\Users\fraun\OneDrive\Documents\Stock Evaluator\src\fmp_mapping.py:497: FutureWarning: The behavior of DataFrame concatenation with empty or all-NA entries is deprecated. In a future version, this will no longer exclude empty or all-NA columns when determining the result dtypes. To retain the old behavior, exclude the relevant entries before the concat operation.
  combined = pd.concat([fmp_pad[all_cols], sf_pad[all_cols]], ignore_index=True)
C:\Users\fraun\OneDrive\Documents\Stock Evaluator\src\fmp_mapping.py:497: FutureWarning: The behavior of DataFrame concatenation with empty or all-NA entries is deprecated. In a future version, this will no longer exclude empty or all-NA columns when determining the result dtypes. To retain the old behavior, exclude the relevant entries before the concat operation.
  combined = pd.concat([fmp_pad[all_cols], sf_pad[all_cols]], ignore_index=True)
C:\Users\fraun\OneDrive\Documents\Stock Evaluator\src\fmp_mapping.py:497: FutureWarning: The behavior of DataFrame concatenation with empty or all-NA entries is deprecated. In a future version, this will no longer exclude empty or all-NA columns when determining the result dtypes. To retain the old behavior, exclude the relevant entries before the concat operation.
  combined = pd.concat([fmp_pad[all_cols], sf_pad[all_cols]], ignore_index=True)
C:\Users\fraun\OneDrive\Documents\Stock Evaluator\src\fmp_mapping.py:497: FutureWarning: The behavior of DataFrame concatenation with empty or all-NA entries is deprecated. In a future version, this will no longer exclude empty or all-NA columns when determining the result dtypes. To retain the old behavior, exclude the relevant entries before the concat operation.
  combined = pd.concat([fmp_pad[all_cols], sf_pad[all_cols]], ignore_index=True)
C:\Users\fraun\OneDrive\Documents\Stock Evaluator\src\fmp_mapping.py:497: FutureWarning: The behavior of DataFrame concatenation with empty or all-NA entries is deprecated. In a future version, this will no longer exclude empty or all-NA columns when determining the result dtypes. To retain the old behavior, exclude the relevant entries before the concat operation.
  combined = pd.concat([fmp_pad[all_cols], sf_pad[all_cols]], ignore_index=True)
C:\Users\fraun\OneDrive\Documents\Stock Evaluator\src\fmp_mapping.py:497: FutureWarning: The behavior of DataFrame concatenation with empty or all-NA entries is deprecated. In a future version, this will no longer exclude empty or all-NA columns when determining the result dtypes. To retain the old behavior, exclude the relevant entries before the concat operation.
  combined = pd.concat([fmp_pad[all_cols], sf_pad[all_cols]], ignore_index=True)
C:\Users\fraun\OneDrive\Documents\Stock Evaluator\src\fmp_mapping.py:497: FutureWarning: The behavior of DataFrame concatenation with empty or all-NA entries is deprecated. In a future version, this will no longer exclude empty or all-NA columns when determining the result dtypes. To retain the old behavior, exclude the relevant entries before the concat operation.
  combined = pd.concat([fmp_pad[all_cols], sf_pad[all_cols]], ignore_index=True)
C:\Users\fraun\OneDrive\Documents\Stock Evaluator\src\fmp_mapping.py:497: FutureWarning: The behavior of DataFrame concatenation with empty or all-NA entries is deprecated. In a future version, this will no longer exclude empty or all-NA columns when determining the result dtypes. To retain the old behavior, exclude the relevant entries before the concat operation.
  combined = pd.concat([fmp_pad[all_cols], sf_pad[all_cols]], ignore_index=True)
C:\Users\fraun\OneDrive\Documents\Stock Evaluator\src\fmp_mapping.py:497: FutureWarning: The behavior of DataFrame concatenation with empty or all-NA entries is deprecated. In a future version, this will no longer exclude empty or all-NA columns when determining the result dtypes. To retain the old behavior, exclude the relevant entries before the concat operation.
  combined = pd.concat([fmp_pad[all_cols], sf_pad[all_cols]], ignore_index=True)
C:\Users\fraun\OneDrive\Documents\Stock Evaluator\src\fmp_mapping.py:497: FutureWarning: The behavior of DataFrame concatenation with empty or all-NA entries is deprecated. In a future version, this will no longer exclude empty or all-NA columns when determining the result dtypes. To retain the old behavior, exclude the relevant entries before the concat operation.
  combined = pd.concat([fmp_pad[all_cols], sf_pad[all_cols]], ignore_index=True)
C:\Users\fraun\OneDrive\Documents\Stock Evaluator\src\fmp_mapping.py:497: FutureWarning: The behavior of DataFrame concatenation with empty or all-NA entries is deprecated. In a future version, this will no longer exclude empty or all-NA columns when determining the result dtypes. To retain the old behavior, exclude the relevant entries before the concat operation.
  combined = pd.concat([fmp_pad[all_cols], sf_pad[all_cols]], ignore_index=True)
C:\Users\fraun\OneDrive\Documents\Stock Evaluator\src\fmp_mapping.py:497: FutureWarning: The behavior of DataFrame concatenation with empty or all-NA entries is deprecated. In a future version, this will no longer exclude empty or all-NA columns when determining the result dtypes. To retain the old behavior, exclude the relevant entries before the concat operation.
  combined = pd.concat([fmp_pad[all_cols], sf_pad[all_cols]], ignore_index=True)
C:\Users\fraun\OneDrive\Documents\Stock Evaluator\src\fmp_mapping.py:497: FutureWarning: The behavior of DataFrame concatenation with empty or all-NA entries is deprecated. In a future version, this will no longer exclude empty or all-NA columns when determining the result dtypes. To retain the old behavior, exclude the relevant entries before the concat operation.
  combined = pd.concat([fmp_pad[all_cols], sf_pad[all_cols]], ignore_index=True)
C:\Users\fraun\OneDrive\Documents\Stock Evaluator\src\fmp_mapping.py:497: FutureWarning: The behavior of DataFrame concatenation with empty or all-NA entries is deprecated. In a future version, this will no longer exclude empty or all-NA columns when determining the result dtypes. To retain the old behavior, exclude the relevant entries before the concat operation.
  combined = pd.concat([fmp_pad[all_cols], sf_pad[all_cols]], ignore_index=True)
C:\Users\fraun\OneDrive\Documents\Stock Evaluator\src\fmp_mapping.py:497: FutureWarning: The behavior of DataFrame concatenation with empty or all-NA entries is deprecated. In a future version, this will no longer exclude empty or all-NA columns when determining the result dtypes. To retain the old behavior, exclude the relevant entries before the concat operation.
  combined = pd.concat([fmp_pad[all_cols], sf_pad[all_cols]], ignore_index=True)
C:\Users\fraun\OneDrive\Documents\Stock Evaluator\src\fmp_mapping.py:497: FutureWarning: The behavior of DataFrame concatenation with empty or all-NA entries is deprecated. In a future version, this will no longer exclude empty or all-NA columns when determining the result dtypes. To retain the old behavior, exclude the relevant entries before the concat operation.
  combined = pd.concat([fmp_pad[all_cols], sf_pad[all_cols]], ignore_index=True)
C:\Users\fraun\OneDrive\Documents\Stock Evaluator\src\fmp_mapping.py:497: FutureWarning: The behavior of DataFrame concatenation with empty or all-NA entries is deprecated. In a future version, this will no longer exclude empty or all-NA columns when determining the result dtypes. To retain the old behavior, exclude the relevant entries before the concat operation.
  combined = pd.concat([fmp_pad[all_cols], sf_pad[all_cols]], ignore_index=True)
C:\Users\fraun\OneDrive\Documents\Stock Evaluator\src\fmp_mapping.py:497: FutureWarning: The behavior of DataFrame concatenation with empty or all-NA entries is deprecated. In a future version, this will no longer exclude empty or all-NA columns when determining the result dtypes. To retain the old behavior, exclude the relevant entries before the concat operation.
  combined = pd.concat([fmp_pad[all_cols], sf_pad[all_cols]], ignore_index=True)
C:\Users\fraun\OneDrive\Documents\Stock Evaluator\src\fmp_mapping.py:497: FutureWarning: The behavior of DataFrame concatenation with empty or all-NA entries is deprecated. In a future version, this will no longer exclude empty or all-NA columns when determining the result dtypes. To retain the old behavior, exclude the relevant entries before the concat operation.
  combined = pd.concat([fmp_pad[all_cols], sf_pad[all_cols]], ignore_index=True)
C:\Users\fraun\OneDrive\Documents\Stock Evaluator\src\fmp_mapping.py:497: FutureWarning: The behavior of DataFrame concatenation with empty or all-NA entries is deprecated. In a future version, this will no longer exclude empty or all-NA columns when determining the result dtypes. To retain the old behavior, exclude the relevant entries before the concat operation.
  combined = pd.concat([fmp_pad[all_cols], sf_pad[all_cols]], ignore_index=True)
C:\Users\fraun\OneDrive\Documents\Stock Evaluator\src\fmp_mapping.py:497: FutureWarning: The behavior of DataFrame concatenation with empty or all-NA entries is deprecated. In a future version, this will no longer exclude empty or all-NA columns when determining the result dtypes. To retain the old behavior, exclude the relevant entries before the concat operation.
  combined = pd.concat([fmp_pad[all_cols], sf_pad[all_cols]], ignore_index=True)
C:\Users\fraun\OneDrive\Documents\Stock Evaluator\src\fmp_mapping.py:497: FutureWarning: The behavior of DataFrame concatenation with empty or all-NA entries is deprecated. In a future version, this will no longer exclude empty or all-NA columns when determining the result dtypes. To retain the old behavior, exclude the relevant entries before the concat operation.
  combined = pd.concat([fmp_pad[all_cols], sf_pad[all_cols]], ignore_index=True)
C:\Users\fraun\OneDrive\Documents\Stock Evaluator\src\fmp_mapping.py:503: FutureWarning: The behavior of DataFrame concatenation with empty or all-NA entries is deprecated. In a future version, this will no longer exclude empty or all-NA columns when determining the result dtypes. To retain the old behavior, exclude the relevant entries before the concat operation.
  merged = pd.concat(rows_out, ignore_index=True)
C:\Users\fraun\OneDrive\Documents\Stock Evaluator\src\fmp_mapping.py:503: FutureWarning: The behavior of DataFrame concatenation with empty or all-NA entries is deprecated. In a future version, this will no longer exclude empty or all-NA columns when determining the result dtypes. To retain the old behavior, exclude the relevant entries before the concat operation.
  merged = pd.concat(rows_out, ignore_index=True)
  §Stage2.5 factor-decay loaded (2026-05-26T12:25:30, n_periods=6)
    lambdas: {'valuation': 0.5611238665754277, 'quality': 0.5870369397450694, 'growth': 0.10033293453620953, 'sentiment': 0.0}
    POTENTIAL_WEIGHTS: {'valuation': 0.4, 'quality': 0.4, 'growth': 0.2, 'sentiment': 0.0} -> {'valuation': 0.371, 'quality': 0.365, 'growth': 0.263, 'sentiment': 0.0}

===== A/B verification: USE_FMP_FUNDAMENTALS off vs on =====
  max_fiscal_year: 2024

  Loading SimFin bulk data (shared between both runs)...
  Loading companies...
Dataset "us-companies" on disk (4 days old).
- Loading from disk ... Done!
    6588 companies
  Loading industries...
Dataset "industries" on disk (4 days old).
- Loading from disk ... Done!
    74 industries
  Loading annual income statements...
Dataset "us-income-annual" on disk (4 days old).
- Loading from disk ... Done!
    16976 rows
  Loading annual balance sheets...
Dataset "us-balance-annual" on disk (4 days old).
- Loading from disk ... Done!
    16976 rows
  Loading annual cash flow...
Dataset "us-cashflow-annual" on disk (4 days old).
- Loading from disk ... Done!
    16974 rows
  Loading quarterly income statements...
Dataset "us-income-quarterly" on disk (4 days old).
- Loading from disk ... Done!
    49726 rows
  Loading quarterly cash flow...
Dataset "us-cashflow-quarterly" on disk (4 days old).
- Loading from disk ... Done!
    49731 rows
  Loading daily share prices...
Dataset "us-shareprices-daily" on disk (4 days old).
- Loading from disk ... Done!
    6229137 rows

  Computing non-fundamental inputs (prices/momentum/TTM/etc.)...
  Computing Beta from daily returns (cap-weighted proxy)...
    5397 tickers with return data
    Filtered 842 extreme daily returns (>100%)
    Computed Beta for 5258 tickers
    Computed realized volatility for 5313 tickers
  Computing 52-week high/low...
    Computed 52w high/low for 5129 tickers
  Computing price momentum and 52w distance...
    Computed momentum for 5819 tickers
  Computing median daily dollar volume (trailing 30d)...
    Computed liquidity for 5855 tickers
  Computing TTM (trailing twelve months)...
    Computed TTM for 3006 tickers
    Computed quarterly YoY revenue growth for 2524 tickers
  Using default 10yr Treasury: 4.50%

  === Run A (SimFin baseline) — history + snapshot + score ===
  Computing multi-year history metrics...
    Computed history metrics for 4388 tickers
    hist_a: 4388 tickers
  Building stock snapshot...
    Processed 1000/6588
    Processed 1500/6588
    Processed 2500/6588
    Processed 3000/6588
    Processed 3500/6588
    Processed 5000/6588
    Processed 2514 stocks (Market Cap > $300,000,000, Min Daily Vol $1,000,000)
    0 tickers have unknown filing date (defaulted to stale)

  Unmapped industries (13 stocks total):
      13  nan
    df_a: 2514 rows
  Computing v2 potential scores (sub-industry ranked)...
    §Stage2.5 v2 decay mults: V=0.641 Q=0.630 G=0.909 S=1.000
    §Stage1.1 v2 resampled: 1000 draws, 184 robust top-decile
    §Stage1.3 v2 impact haircut: 2319 stocks avg=73bps max=817bps
    §Stage2.6 v2 crowding: 27 stocks held by >=2 of 4 factor ETFs
    Dropped 357 stocks in small rank groups (<30)
    Scored 2157/2514 stocks

  === Run B (FMP annual + SimFin fallback) — history + snapshot + score ===
  NON_USD fallback: 19 tickers routed to SimFin (currencies: CNY=7, EUR=4, CAD=3, GBP=2, JPY=2, INR=1)
    e.g. ['DAVA', 'ENB', 'GDS', 'HMC', 'HSAI', 'HUYA', 'IMCR', 'IMO', 'JFIN', 'MRUS']
  FMP fundamentals (physical-period keyed, ±10d tolerance):
    merged income=18957, balance=18957, cashflow=18960 rows
    collapse events on income: exact=20777, within_tol=1671
    duplicate-physical-period tickers in scoring window: 33 (should be 0)
      e.g. AAP: [datetime.date(2021, 1, 2), datetime.date(2022, 1, 1), datetime.date(2022, 12, 31), datetime.date(2023, 12, 30), datetime.date(2024, 12, 28)]
      e.g. AVY: [datetime.date(2021, 1, 2), datetime.date(2022, 1, 1), datetime.date(2022, 12, 31), datetime.date(2023, 12, 30), datetime.date(2024, 12, 28)]
      e.g. BBBY: [datetime.date(2021, 2, 27), datetime.date(2022, 2, 26), datetime.date(2023, 2, 25), datetime.date(2023, 12, 31), datetime.date(2024, 12, 31)]
      e.g. CAKE: [datetime.date(2020, 12, 29), datetime.date(2021, 12, 28), datetime.date(2023, 1, 3), datetime.date(2024, 1, 2), datetime.date(2024, 12, 31)]
      e.g. CYRX: [datetime.date(2022, 12, 31), datetime.date(2023, 3, 31), datetime.date(2023, 12, 31), datetime.date(2024, 3, 31), datetime.date(2024, 12, 31)]
    mixed-source-history tickers: 17/4390
  Computing multi-year history metrics...
    Computed history metrics for 4386 tickers
    hist_b: 4386 tickers
  Building stock snapshot...
    Processed 1000/6588
    Processed 1500/6588
    Processed 2500/6588
    Processed 3000/6588
    Processed 3500/6588
    Processed 5000/6588
    Processed 2514 stocks (Market Cap > $300,000,000, Min Daily Vol $1,000,000)
    0 tickers have unknown filing date (defaulted to stale)

  Unmapped industries (13 stocks total):
      13  nan
    df_b: 2514 rows
  Computing v2 potential scores (sub-industry ranked)...
    §Stage2.5 v2 decay mults: V=0.641 Q=0.630 G=0.909 S=1.000
    §Stage1.1 v2 resampled: 1000 draws, 182 robust top-decile
    §Stage1.3 v2 impact haircut: 2319 stocks avg=73bps max=817bps
    §Stage2.6 v2 crowding: 27 stocks held by >=2 of 4 factor ETFs
    Dropped 357 stocks in small rank groups (<30)
    Scored 2157/2514 stocks

  Quarterly-path invariance (pure TTM columns):
    ebitda_ttm                identical on 100.00% of 1814 rows  max|d|=0
    net_income_ttm            identical on 100.00% of 1814 rows  max|d|=0
    revenue_ttm               identical on 100.00% of 1814 rows  max|d|=0
    fcf_ttm                   identical on 100.00% of 1814 rows  max|d|=0
    revenue_growth_yoy_q      identical on 100.00% of 1695 rows  max|d|=0

  Wrote C:\Users\fraun\OneDrive\Documents\Stock Evaluator\data\fmp\ab_verify_results.csv — 2514 tickers
A/B verification summary — USE_FMP_FUNDAMENTALS off vs on (MEASURED)
======================================================================
tickers scored on both paths: 2157
  valuation_score      n=2157  rho=0.9644  mean|delta|=  3.03  median|delta|=  0.95
  quality_score        n=2134  rho=0.9196  mean|delta|=  4.29  median|delta|=  1.75
  growth_score         n=1723  rho=0.9113  mean|delta|=  5.60  median|delta|=  2.21
  sentiment_score      n=2157  rho=1.0000  mean|delta|=  0.00  median|delta|=  0.00
  potential_score      n=2157  rho=0.9550  mean|delta|=  2.23  median|delta|=  1.01

Tradeable-only (DELISTED/UNPRICED excluded): 1730 of 2157 scored
Decile migration: 32.7%   within ±1 decile: 93.1%
Top-decile Jaccard: 0.7387  |A|=173  |B|=173  overlap=147
Names ENTERING top decile under B (not in A) — 26:
  ANAB, APH, BKE, CAKE, DGII, DORM, EPRT, FIVE, GEN, GIII, HST, HTGC, IBRX, ITRI, LYV, MPLX, MSGE, NFLX, NTNX, NWE, OC, RTX, SIGA, TJX, TPR, TRIN
Names LEAVING top decile under B (in A but not B) — 26:
  ABG, ADP, AGX, AMPH, AN, BBIO, BMY, CME, CPRI, DX, FHI, GAMB, GE, GTX, HGV, MASI, MTDR, PAG, PEN, PR, RDVT, RH, RITM, SITC, STM, WDFC

  Wrote C:\Users\fraun\OneDrive\Documents\Stock Evaluator\data\fmp\ab_verify_summary.txt
