Fetching 605 tickers × 3 statements × 6y annual (rate cap 250/min)
  Raw cache dir: C:\Users\fraun\OneDrive\Documents\Stock Evaluator\data\fmp\raw
  Output dir:    C:\Users\fraun\OneDrive\Documents\Stock Evaluator\data\fmp
  Concurrency: 6 threads, token bucket 250/min
  [  100/1815] api=100 cache=0 bytes=0.9MB elapsed=6.7s rate=898/min fails=0 | calls=100 200=100 429=0 404=0 5xx=0 other=0 lat_avg=390ms p50=348ms p95=652ms
  [  200/1815] api=200 cache=0 bytes=1.8MB elapsed=12.7s rate=943/min fails=0 | calls=200 200=200 429=0 404=0 5xx=0 other=0 lat_avg=374ms p50=329ms p95=652ms
  [  300/1815] api=300 cache=0 bytes=2.7MB elapsed=63.9s rate=282/min fails=0 | calls=300 200=300 429=0 404=0 5xx=0 other=0 lat_avg=373ms p50=330ms p95=620ms
  [  400/1815] api=400 cache=0 bytes=3.6MB elapsed=70.7s rate=339/min fails=0 | calls=402 200=402 429=0 404=0 5xx=0 other=0 lat_avg=381ms p50=334ms p95=597ms
  [  500/1815] api=500 cache=0 bytes=4.5MB elapsed=77.0s rate=390/min fails=0 | calls=500 200=500 429=0 404=0 5xx=0 other=0 lat_avg=379ms p50=338ms p95=571ms
  [  600/1815] api=600 cache=0 bytes=5.5MB elapsed=127.5s rate=282/min fails=0 | calls=601 200=601 429=0 404=0 5xx=0 other=0 lat_avg=372ms p50=333ms p95=566ms
  [  700/1815] api=700 cache=0 bytes=6.4MB elapsed=133.8s rate=314/min fails=0 | calls=701 200=701 429=0 404=0 5xx=0 other=0 lat_avg=366ms p50=327ms p95=565ms
  [  800/1815] api=800 cache=0 bytes=7.3MB elapsed=184.1s rate=261/min fails=0 | calls=801 200=801 429=0 404=0 5xx=0 other=0 lat_avg=366ms p50=327ms p95=565ms
  [  900/1815] api=900 cache=0 bytes=8.2MB elapsed=190.8s rate=283/min fails=0 | calls=900 200=900 429=0 404=0 5xx=0 other=0 lat_avg=365ms p50=329ms p95=565ms
  [ 1000/1815] api=1000 cache=0 bytes=9.1MB elapsed=196.9s rate=305/min fails=0 | calls=1000 200=1000 429=0 404=0 5xx=0 other=0 lat_avg=363ms p50=330ms p95=561ms
  [ 1100/1815] api=1100 cache=0 bytes=10.0MB elapsed=247.5s rate=267/min fails=0 | calls=1100 200=1100 429=0 404=0 5xx=0 other=0 lat_avg=365ms p50=332ms p95=561ms
  [ 1200/1815] api=1197 cache=0 bytes=10.9MB elapsed=254.0s rate=283/min fails=3 | calls=1200 200=1200 429=0 404=0 5xx=0 other=0 lat_avg=363ms p50=332ms p95=546ms
  [ 1300/1815] api=1297 cache=0 bytes=11.8MB elapsed=304.2s rate=256/min fails=3 | calls=1300 200=1300 429=0 404=0 5xx=0 other=0 lat_avg=364ms p50=333ms p95=536ms
  [ 1400/1815] api=1397 cache=0 bytes=12.7MB elapsed=310.8s rate=270/min fails=3 | calls=1400 200=1400 429=0 404=0 5xx=0 other=0 lat_avg=363ms p50=334ms p95=526ms
  [ 1500/1815] api=1497 cache=0 bytes=13.6MB elapsed=317.0s rate=284/min fails=3 | calls=1500 200=1500 429=0 404=0 5xx=0 other=0 lat_avg=361ms p50=333ms p95=504ms
  [ 1600/1815] api=1597 cache=0 bytes=14.5MB elapsed=367.6s rate=261/min fails=3 | calls=1600 200=1600 429=0 404=0 5xx=0 other=0 lat_avg=361ms p50=333ms p95=503ms
  [ 1700/1815] api=1694 cache=0 bytes=15.4MB elapsed=374.4s rate=272/min fails=6 | calls=1700 200=1700 429=0 404=0 5xx=0 other=0 lat_avg=362ms p50=335ms p95=512ms
  [ 1800/1815] api=1794 cache=0 bytes=16.3MB elapsed=424.3s rate=255/min fails=6 | calls=1800 200=1800 429=0 404=0 5xx=0 other=0 lat_avg=364ms p50=336ms p95=515ms
  [ 1815/1815] api=1809 cache=0 bytes=16.5MB elapsed=425.3s rate=256/min fails=6 | calls=1815 200=1815 429=0 404=0 5xx=0 other=0 lat_avg=364ms p50=336ms p95=513ms

Emitting long-format CSVs...
  fundamentals_income.csv: 3612 rows  (603 tickers)
  fundamentals_balance.csv: 3611 rows  (603 tickers)
  fundamentals_cashflow.csv: 3612 rows  (603 tickers)

6 (ticker,stmt) failures logged: C:\Users\fraun\OneDrive\Documents\Stock Evaluator\data\fmp\fetch_failures.log

Done. api_calls=1809 cache_hits=0 total_bytes_from_api=16.5MB (0.016GB of 20GB monthly cap) elapsed=425.5s effective_rate=255/min
  Latency: calls=1815 200=1815 429=0 404=0 5xx=0 other=0 lat_avg=364ms p50=336ms p95=513ms
