
===== Parity Study A =====
  max_fiscal_year: 2024  years fetched: 5
  Sample: 1000 tickers loaded from data\fmp\parity_a_sample_tickers.txt
  Skipping fetch (--skip-fetch).

  Importing market_screener + fmp_mapping...
  §Stage2.5 factor-decay loaded (2026-05-26T12:25:30, n_periods=6)
    lambdas: {'valuation': 0.5611238665754277, 'quality': 0.5870369397450694, 'growth': 0.10033293453620953, 'sentiment': 0.0}
    POTENTIAL_WEIGHTS: {'valuation': 0.4, 'quality': 0.4, 'growth': 0.2, 'sentiment': 0.0} -> {'valuation': 0.371, 'quality': 0.365, 'growth': 0.263, 'sentiment': 0.0}

  Loading SimFin bulk data (once, shared between both runs)...
  Loading companies...
Dataset "us-companies" on disk (3 days old).
- Loading from disk ... Done!
    6588 companies
  Loading industries...
Dataset "industries" on disk (3 days old).
- Loading from disk ... Done!
    74 industries
  Loading annual income statements...
Dataset "us-income-annual" on disk (3 days old).
- Loading from disk ... Done!
    16976 rows
  Loading annual balance sheets...
Dataset "us-balance-annual" on disk (3 days old).
- Loading from disk ... Done!
    16976 rows
  Loading annual cash flow...
Dataset "us-cashflow-annual" on disk (3 days old).
- Loading from disk ... Done!
    16974 rows
  Loading quarterly income statements...
Dataset "us-income-quarterly" on disk (3 days old).
- Loading from disk ... Done!
    49726 rows
  Loading quarterly cash flow...
Dataset "us-cashflow-quarterly" on disk (3 days old).
- Loading from disk ... Done!
    49731 rows
  Loading daily share prices...
Dataset "us-shareprices-daily" on disk (3 days old).
- Loading from disk ... Done!
    6229137 rows

  Computing non-fundamental inputs (prices/momentum/TTM/etc.)...
  Computing Beta from daily returns (cap-weighted proxy)...
    5397 tickers with return data
    Filtered 842 extreme daily returns (>100%)
    Computed Beta for 5258 tickers
    Computed realized volatility for 5313 tickers
  Computing 52-week high/low...
    Computed 52w high/low for 5129 tickers
  Computing price momentum and 52w distance...
    Computed momentum for 5819 tickers
  Computing median daily dollar volume (trailing 30d)...
    Computed liquidity for 5855 tickers
  Computing TTM (trailing twelve months)...
    Computed TTM for 3006 tickers
    Computed quarterly YoY revenue growth for 2524 tickers
  Using default 10yr Treasury: 4.50%

  === SimFin history metrics (FULL universe) + snapshot ===
  Computing multi-year history metrics...
    Computed history metrics for 4388 tickers
    hist_sf (full): 4388 tickers
  Building stock snapshot...
    Processed 1000/6588
    Processed 1500/6588
    Processed 2500/6588
    Processed 3000/6588
    Processed 3500/6588
    Processed 5000/6588
    Processed 2514 stocks (Market Cap > $300,000,000, Min Daily Vol $1,000,000)
    0 tickers have unknown filing date (defaulted to stale)

  Unmapped industries (13 stocks total):
      13  nan
    df_sf: 2514 rows

  === FMP history metrics for sample ===
  Computing multi-year history metrics...
    Computed history metrics for 998 tickers
    hist_fmp (sample only): 998 tickers
    hist_fmp_merged: 4388 tickers (of which 998 are FMP-sourced)
  Building stock snapshot...
    Processed 1000/6588
    Processed 1500/6588
    Processed 2500/6588
    Processed 3000/6588
    Processed 3500/6588
    Processed 5000/6588
    Processed 2514 stocks (Market Cap > $300,000,000, Min Daily Vol $1,000,000)
    0 tickers have unknown filing date (defaulted to stale)

  Unmapped industries (13 stocks total):
      13  nan
    df_fmp: 2514 rows
    FMP-covered tickers surviving snapshot filter: 998

  === Scoring (compute_potential_scores_v2, full universe) ===
  Computing v2 potential scores (sub-industry ranked)...
    §Stage2.5 v2 decay mults: V=0.641 Q=0.630 G=0.909 S=1.000
    §Stage1.1 v2 resampled: 1000 draws, 184 robust top-decile
    §Stage1.3 v2 impact haircut: 2319 stocks avg=73bps max=817bps
    §Stage2.6 v2 crowding: 27 stocks held by >=2 of 4 factor ETFs
    Dropped 357 stocks in small rank groups (<30)
    Scored 2157/2514 stocks
  Computing v2 potential scores (sub-industry ranked)...
    §Stage2.5 v2 decay mults: V=0.641 Q=0.630 G=0.909 S=1.000
    §Stage1.1 v2 resampled: 1000 draws, 184 robust top-decile
    §Stage1.3 v2 impact haircut: 2319 stocks avg=73bps max=817bps
    §Stage2.6 v2 crowding: 27 stocks held by >=2 of 4 factor ETFs
    Dropped 357 stocks in small rank groups (<30)
    Scored 2157/2514 stocks
  Wrote C:\Users\fraun\OneDrive\Documents\Stock Evaluator\data\fmp\parity_a_results.csv — 2514 tickers total, 1000 in sample
  Wrote C:\Users\fraun\OneDrive\Documents\Stock Evaluator\data\fmp\parity_a_hist_diag.csv

  === Summary ===
    tickers scored on both paths: 879
    valuation_score      n= 879  rho=1.0000  mean|delta|=  0.00  median|delta|=  0.00
    quality_score        n= 879  rho=0.9420  mean|delta|=  3.24  median|delta|=  0.98
    growth_score         n= 873  rho=0.8839  mean|delta|=  5.69  median|delta|=  1.57
    sentiment_score      n= 879  rho=1.0000  mean|delta|=  0.00  median|delta|=  0.00
    potential_score      n= 879  rho=0.9405  mean|delta|=  2.19  median|delta|=  0.60
  Done.
