C:\Users\fraun\OneDrive\Documents\Stock Evaluator\src\market_screener.py:3554: PerformanceWarning: DataFrame is highly fragmented.  This is usually the result of calling `frame.insert` many times, which has poor performance.  Consider joining all columns at once using pd.concat(axis=1) instead. To get a de-fragmented frame, use `newframe = frame.copy()`
  df['rank_key'] = rank_keys.apply(lambda x: x[0] if isinstance(x, tuple) else 'FALLBACK')
C:\Users\fraun\OneDrive\Documents\Stock Evaluator\scripts\backtest.v2.py:118: FutureWarning: The default fill_method='pad' in DataFrame.pct_change is deprecated and will be removed in a future version. Either fill in any non-leading NA values prior to calling pct_change or specify 'fill_method=None' to not fill NA values.
  monthly_ret = monthly_with_start.pct_change().dropna(how='all')
C:\Users\fraun\OneDrive\Documents\Stock Evaluator\src\market_screener.py:3554: PerformanceWarning: DataFrame is highly fragmented.  This is usually the result of calling `frame.insert` many times, which has poor performance.  Consider joining all columns at once using pd.concat(axis=1) instead. To get a de-fragmented frame, use `newframe = frame.copy()`
  df['rank_key'] = rank_keys.apply(lambda x: x[0] if isinstance(x, tuple) else 'FALLBACK')
C:\Users\fraun\OneDrive\Documents\Stock Evaluator\scripts\backtest.v2.py:118: FutureWarning: The default fill_method='pad' in DataFrame.pct_change is deprecated and will be removed in a future version. Either fill in any non-leading NA values prior to calling pct_change or specify 'fill_method=None' to not fill NA values.
  monthly_ret = monthly_with_start.pct_change().dropna(how='all')
C:\Users\fraun\OneDrive\Documents\Stock Evaluator\src\market_screener.py:3554: PerformanceWarning: DataFrame is highly fragmented.  This is usually the result of calling `frame.insert` many times, which has poor performance.  Consider joining all columns at once using pd.concat(axis=1) instead. To get a de-fragmented frame, use `newframe = frame.copy()`
  df['rank_key'] = rank_keys.apply(lambda x: x[0] if isinstance(x, tuple) else 'FALLBACK')
C:\Users\fraun\OneDrive\Documents\Stock Evaluator\scripts\backtest.v2.py:118: FutureWarning: The default fill_method='pad' in DataFrame.pct_change is deprecated and will be removed in a future version. Either fill in any non-leading NA values prior to calling pct_change or specify 'fill_method=None' to not fill NA values.
  monthly_ret = monthly_with_start.pct_change().dropna(how='all')
C:\Users\fraun\OneDrive\Documents\Stock Evaluator\src\market_screener.py:3554: PerformanceWarning: DataFrame is highly fragmented.  This is usually the result of calling `frame.insert` many times, which has poor performance.  Consider joining all columns at once using pd.concat(axis=1) instead. To get a de-fragmented frame, use `newframe = frame.copy()`
  df['rank_key'] = rank_keys.apply(lambda x: x[0] if isinstance(x, tuple) else 'FALLBACK')
C:\Users\fraun\OneDrive\Documents\Stock Evaluator\scripts\backtest.v2.py:118: FutureWarning: The default fill_method='pad' in DataFrame.pct_change is deprecated and will be removed in a future version. Either fill in any non-leading NA values prior to calling pct_change or specify 'fill_method=None' to not fill NA values.
  monthly_ret = monthly_with_start.pct_change().dropna(how='all')
C:\Users\fraun\OneDrive\Documents\Stock Evaluator\src\market_screener.py:3554: PerformanceWarning: DataFrame is highly fragmented.  This is usually the result of calling `frame.insert` many times, which has poor performance.  Consider joining all columns at once using pd.concat(axis=1) instead. To get a de-fragmented frame, use `newframe = frame.copy()`
  df['rank_key'] = rank_keys.apply(lambda x: x[0] if isinstance(x, tuple) else 'FALLBACK')
C:\Users\fraun\OneDrive\Documents\Stock Evaluator\scripts\backtest.v2.py:118: FutureWarning: The default fill_method='pad' in DataFrame.pct_change is deprecated and will be removed in a future version. Either fill in any non-leading NA values prior to calling pct_change or specify 'fill_method=None' to not fill NA values.
  monthly_ret = monthly_with_start.pct_change().dropna(how='all')
C:\Users\fraun\OneDrive\Documents\Stock Evaluator\src\market_screener.py:3554: PerformanceWarning: DataFrame is highly fragmented.  This is usually the result of calling `frame.insert` many times, which has poor performance.  Consider joining all columns at once using pd.concat(axis=1) instead. To get a de-fragmented frame, use `newframe = frame.copy()`
  df['rank_key'] = rank_keys.apply(lambda x: x[0] if isinstance(x, tuple) else 'FALLBACK')
C:\Users\fraun\OneDrive\Documents\Stock Evaluator\scripts\backtest.v2.py:118: FutureWarning: The default fill_method='pad' in DataFrame.pct_change is deprecated and will be removed in a future version. Either fill in any non-leading NA values prior to calling pct_change or specify 'fill_method=None' to not fill NA values.
  monthly_ret = monthly_with_start.pct_change().dropna(how='all')
  ｧStage2.5 factor-decay loaded (2026-05-26T12:25:30, n_periods=6)
    lambdas: {'valuation': 0.5611238665754277, 'quality': 0.5870369397450694, 'growth': 0.10033293453620953, 'sentiment': 0.0}
    POTENTIAL_WEIGHTS: {'valuation': 0.4, 'quality': 0.4, 'growth': 0.2, 'sentiment': 0.0} -> {'valuation': 0.371, 'quality': 0.365, 'growth': 0.263, 'sentiment': 0.0}

########################################################################
#                                                                      #
#   WARNING: SURVIVORSHIP BIAS                                         #
#                                                                      #
#   This backtest uses the CURRENT SimFin company universe + a         #
#   -30% delisted-ticker proxy (Shumway 1997 anchor) for tickers that  #
#   had filings before the cutoff but stopped trading >60 days before  #
#   the forward window end. This is a LOWER-BOUND correction, not a    #
#   full fix: actual delist returns vary widely (-100% bankruptcy to   #
#   +30% M&A premium). True PIT membership requires CRSP or Norgate.   #
#                                                                      #
#   With this correction the bottom-decile mean should DROP and the    #
#   top-decile alpha should be relatively unaffected. If top-alpha     #
#   drops significantly, the model was relying on bias for its edge.   #
#                                                                      #
########################################################################


Loading SimFin data...
  Loading companies...
Dataset "us-companies" on disk (18 days old).
- Loading from disk ... Done!
    6580 companies
  Loading industries...
Dataset "industries" on disk (18 days old).
- Loading from disk ... Done!
    74 industries
  Loading annual income statements...
Dataset "us-income-annual" on disk (18 days old).
- Loading from disk ... Done!
    17061 rows
  Loading annual balance sheets...
Dataset "us-balance-annual" on disk (18 days old).
- Loading from disk ... Done!
    17061 rows
  Loading annual cash flow...
Dataset "us-cashflow-annual" on disk (18 days old).
- Loading from disk ... Done!
    17060 rows
  Loading quarterly income statements...
Dataset "us-income-quarterly" on disk (16 days old).
- Loading from disk ... Done!
    50548 rows
  Loading quarterly cash flow...
Dataset "us-cashflow-quarterly" on disk (16 days old).
- Loading from disk ... Done!
    50540 rows
  Loading daily share prices...
Dataset "us-shareprices-daily" on disk (18 days old).
- Loading from disk ... Done!
    6248377 rows
  Computing multi-year history metrics...
  Full history: 17058 rows, 4418 tickers.
  Running 6 periods...


======================================================================
Period: 2021->2022  (T10Y=0.0152, ISM=60, CPI=5.4%, curve=+1.05, OAS=260)
======================================================================

Filtering to as-of 2021-06-30...
  income annual:       3621  (of    17061)
  cashflow annual:     3617  (of    17060)
  income quarterly:    9417  (of   50548)
  sp daily (cutoff): 1259084  (of 6248377)

Computing point-in-time inputs...
  Computing Beta from daily returns (cap-weighted proxy)...
    5082 tickers with return data
    Filtered 530 extreme daily returns (>100%)
    Computed Beta for 4899 tickers
    Computed realized volatility for 4993 tickers
  Computing 52-week high/low...
    Computed 52w high/low for 5105 tickers
  Computing price momentum and 52w distance...
    Computed momentum for 5094 tickers
    Computed history metrics for 3898 tickers
  Computing TTM (trailing twelve months)...
    Computed TTM for 2139 tickers
    Computed quarterly YoY revenue growth for 4 tickers
  Computing median daily dollar volume (trailing 30d)...
    Computed liquidity for 5072 tickers
  Beta: 4899 tickers, Vol: 4980 tickers

Building v1 snapshot...
  Finviz disabled (no look-ahead).
  Building stock snapshot...
    Processed 1000/6580
    Processed 1500/6580
    Processed 2000/6580
    Processed 5000/6580
    Processed 6000/6580
    Processed 6500/6580
    Processed 2334 stocks (Market Cap > $300,000,000, Min Daily Vol $1,000,000)
    0 tickers have unknown filing date (defaulted to stale)

  Unmapped industries (7 stocks total):
       7  nan
  Snapshot: 2334 stocks

Running v2 pipeline...
  GICS mapped: 2327/2334
  Regime: R2  [R2=0.371, R1=0.239, R5=0.194, R3=0.124, R4=0.071]
  Scored: 1897/2334
  Price-sentiment: dist52w=2334, momo12-1=2136

Forward-return universe: 4930 tickers
  Survivorship proxy: +32 delisted tickers @ -30% (Shumway 1997 anchor)
  Forward-return universe (corrected): 4962 tickers
With both score and forward return: 1889
  Costs: floor=42.1bps + impact=62.4bps (round-trip 2x in net return)
  realized_vol coverage: 1873/1889  avg_dollar_volume_30d coverage: 1889/1889

======================================================================
DECILE FORWARD RETURNS (2021->2022, regime=R2)
======================================================================
          n  mean_ret  median_ret  std_ret  sharpe  win_rate
decile                                                      
1       189   -0.3865     -0.4780   0.4188 -0.9229    0.1746
2       189   -0.3221     -0.3283   0.3636 -0.8860    0.1852
3       189   -0.2933     -0.2943   0.3703 -0.7920    0.1799
4       189   -0.2611     -0.2249   0.3624 -0.7204    0.2116
5       189   -0.2388     -0.2246   0.3752 -0.6363    0.2434
6       189   -0.1956     -0.2186   0.3377 -0.5791    0.2910
7       188   -0.1255     -0.1423   0.3307 -0.3796    0.3085
8       189   -0.1519     -0.1433   0.3488 -0.4355    0.2963
9       190   -0.1754     -0.1918   0.2749 -0.6381    0.2368
10      188   -0.1812     -0.1772   0.3323 -0.5454    0.2713

Top decile mean:    -18.12%
Universe mean:      -21.67%  (n=4962 incl. 32 delisted-proxy)
TOP-DECILE ALPHA:    +3.54%  <-- realistic long-only edge
(Bottom decile:     -38.65%)
(Long-short spread: +20.53%  -- aspirational; bottom often unshortable)

Net of costs:
  Top decile:     -19.92%
  Bottom decile:  -41.18%
  Net spread:     +21.26%
  Cost drag:        -72.3 bps
  TOP-ALPHA NET:     +5.49%

  Top-decile drawdown: -26.03%
  Top-decile Calmar:   -0.68
  Bot-decile drawdown: -42.59%

  HRP top-decile (Stage 1.2, n=185):  fwd=-10.09%  dd=-19.85%  Calmar=-0.47  max_w=3.3%
  Equal-weight (same names):       fwd=-18.10%  dd=-25.70%  vol_reduction=+12.1%

  Survivorship: 777/3616 (21.5%) delisted since 2021

  Sector-neutral: top=-18.28%, bot=-36.73%, spread=+18.44%, alpha=+3.38%

  IC (Spearman rank): +0.2212
  Factor ICs:
    valuation   IC=+0.3602
    quality     IC=+0.2735
    growth      IC=N/A
    sentiment   IC=-0.1048
  Sensitivity (+/-5pp, mode=approx_blend):
    Reported spread:  +20.53%
    Sensitivity base: +32.89%  (should approximate reported spread)
    Range:            [+32.45%, +35.02%]  width=+2.57%
    V+5%: spread=+33.35%
    V-5%: spread=+32.71%
    Q+5%: spread=+33.32%
    Q-5%: spread=+32.45%
    G+5%: spread=+32.89%
    G-5%: spread=+32.89%
    S+5%: spread=+33.16%
    S-5%: spread=+35.02%

  Top-decile sector concentration (n=188):
    industrials            41 ( 21.8%)
    consumer_disc          41 ( 21.8%)
    healthcare             29 ( 15.4%)
    tech_software          27 ( 14.4%)
    tech_hardware          15 (  8.0%)

  Universe-vs-top-decile sector representation:
    sector                univ_n  univ_%  top_n  top_% over/under
    consumer_disc            313   16.6%     41  21.8%      +5.2pp
    consumer_staples          80    4.2%     11   5.9%      +1.6pp
    energy                    74    3.9%      3   1.6%      -2.3pp
    healthcare               468   24.8%     29  15.4%      -9.3pp
    industrials              355   18.8%     41  21.8%      +3.0pp
    non_bank_financial        34    1.8%      5   2.7%      +0.9pp
    reits                    127    6.7%      8   4.3%      -2.5pp
    tech_hardware            163    8.6%     15   8.0%      -0.7pp
    tech_software            229   12.1%     27  14.4%      +2.2pp
    utilities                 46    2.4%      8   4.3%      +1.8pp

======================================================================
Period: 2021->2022  (T10Y=0.0152, ISM=58, CPI=5.0%, curve=+0.75, OAS=300)
======================================================================

Filtering to as-of 2021-12-31...
  income annual:       4033  (of    17061)
  cashflow annual:     4032  (of    17060)
  income quarterly:   14524  (of   50548)
  sp daily (cutoff): 1917011  (of 6248377)

Computing point-in-time inputs...
  Computing Beta from daily returns (cap-weighted proxy)...
    5412 tickers with return data
    Filtered 687 extreme daily returns (>100%)
    Computed Beta for 5245 tickers
    Computed realized volatility for 5338 tickers
  Computing 52-week high/low...
    Computed 52w high/low for 5382 tickers
  Computing price momentum and 52w distance...
    Computed momentum for 5414 tickers
    Computed history metrics for 3898 tickers
  Computing TTM (trailing twelve months)...
    Computed TTM for 2392 tickers
    Computed quarterly YoY revenue growth for 2022 tickers
  Computing median daily dollar volume (trailing 30d)...
    Computed liquidity for 5405 tickers
  Beta: 5245 tickers, Vol: 5330 tickers

Building v1 snapshot...
  Finviz disabled (no look-ahead).
  Building stock snapshot...
    Processed 1000/6580
    Processed 1500/6580
    Processed 2000/6580
    Processed 3000/6580
    Processed 5000/6580
    Processed 6000/6580
    Processed 6500/6580
    Processed 2417 stocks (Market Cap > $300,000,000, Min Daily Vol $1,000,000)
    0 tickers have unknown filing date (defaulted to stale)

  Unmapped industries (7 stocks total):
       7  nan
  Snapshot: 2417 stocks

Running v2 pipeline...
  GICS mapped: 2410/2417
  Regime: R2  [R2=0.389, R1=0.226, R5=0.182, R3=0.131, R4=0.072]
  Scored: 2020/2417
  Price-sentiment: dist52w=2417, momo12-1=2213

Forward-return universe: 5148 tickers
  Survivorship proxy: +94 delisted tickers @ -30% (Shumway 1997 anchor)
  Forward-return universe (corrected): 5242 tickers
With both score and forward return: 2012
  Costs: floor=42.0bps + impact=61.0bps (round-trip 2x in net return)
  realized_vol coverage: 2011/2012  avg_dollar_volume_30d coverage: 2012/2012

======================================================================
DECILE FORWARD RETURNS (2021->2022, regime=R2)
======================================================================
          n  mean_ret  median_ret  std_ret  sharpe  win_rate
decile                                                      
1       202   -0.3646     -0.4423   0.4440 -0.8212    0.1386
2       201   -0.2166     -0.3000   0.4826 -0.4488    0.2786
3       201   -0.2143     -0.2416   0.4228 -0.5068    0.2587
4       201   -0.1849     -0.1729   0.3970 -0.4658    0.2886
5       201   -0.1913     -0.2081   0.3157 -0.6060    0.2537
6       201   -0.1514     -0.1913   0.3548 -0.4267    0.2985
7       202   -0.1597     -0.1906   0.3156 -0.5062    0.2624
8       200   -0.1638     -0.1666   0.3269 -0.5012    0.3000
9       201   -0.1425     -0.1342   0.3244 -0.4392    0.2935
10      202   -0.1693     -0.1910   0.2869 -0.5902    0.2772

Top decile mean:    -16.93%
Universe mean:      -16.53%  (n=5242 incl. 94 delisted-proxy)
TOP-DECILE ALPHA:    -0.40%  <-- realistic long-only edge
(Bottom decile:     -36.46%)
(Long-short spread: +19.53%  -- aspirational; bottom often unshortable)

Net of costs:
  Top decile:     -18.54%
  Bottom decile:  -39.20%
  Net spread:     +20.66%
  Cost drag:       -112.6 bps
  TOP-ALPHA NET:     +3.11%

  Top-decile drawdown: -17.65%
  Top-decile Calmar:   -0.80
  Bot-decile drawdown: -32.73%

  HRP top-decile (Stage 1.2, n=201):  fwd=-10.57%  dd=-13.61%  Calmar=-0.72  max_w=7.7%
  Equal-weight (same names):       fwd=-15.29%  dd=-17.68%  vol_reduction=+26.9%

  Survivorship: 780/3666 (21.3%) delisted since 2021

  Sector-neutral: top=-16.30%, bot=-34.94%, spread=+18.65%, alpha=+0.23%

  IC (Spearman rank): +0.1735
  Factor ICs:
    valuation   IC=+0.3309
    quality     IC=+0.1950
    growth      IC=-0.0289
    sentiment   IC=-0.0011
  Sensitivity (+/-5pp, mode=approx_blend):
    Reported spread:  +19.53%
    Sensitivity base: +30.65%  (should approximate reported spread)
    Range:            [+28.90%, +31.25%]  width=+2.34%
    V+5%: spread=+31.25%
    V-5%: spread=+29.40%
    Q+5%: spread=+30.34%
    Q-5%: spread=+29.44%
    G+5%: spread=+30.13%
    G-5%: spread=+29.51%
    S+5%: spread=+28.90%
    S-5%: spread=+30.46%

  Top-decile sector concentration (n=202):
    industrials            47 ( 23.3%)
    consumer_disc          40 ( 19.8%)
    tech_software          29 ( 14.4%)
    healthcare             28 ( 13.9%)
    tech_hardware          19 (  9.4%)

  Universe-vs-top-decile sector representation:
    sector                univ_n  univ_%  top_n  top_% over/under
    consumer_disc            319   15.9%     40  19.8%      +3.9pp
    consumer_staples          84    4.2%     14   6.9%      +2.8pp
    energy                    76    3.8%      6   3.0%      -0.8pp
    healthcare               466   23.2%     28  13.9%      -9.3pp
    industrials              398   19.8%     47  23.3%      +3.5pp
    non_bank_financial        68    3.4%      8   4.0%      +0.6pp
    reits                    134    6.7%      7   3.5%      -3.2pp
    tech_hardware            162    8.1%     19   9.4%      +1.4pp
    tech_software            260   12.9%     29  14.4%      +1.4pp
    utilities                 45    2.2%      4   2.0%      -0.3pp

======================================================================
Period: 2022->2023  (T10Y=0.0310, ISM=53, CPI=8.1%, curve=-0.15, OAS=430)
======================================================================

Filtering to as-of 2022-06-30...
  income annual:       7303  (of    17061)
  cashflow annual:     7306  (of    17060)
  income quarterly:   19781  (of   50548)
  sp daily (cutoff): 2571250  (of 6248377)

Computing point-in-time inputs...
  Computing Beta from daily returns (cap-weighted proxy)...
    5526 tickers with return data
    Filtered 751 extreme daily returns (>100%)
    Computed Beta for 5456 tickers
    Computed realized volatility for 5488 tickers
  Computing 52-week high/low...
    Computed 52w high/low for 5447 tickers
  Computing price momentum and 52w distance...
    Computed momentum for 5530 tickers
    Computed history metrics for 4147 tickers
  Computing TTM (trailing twelve months)...
    Computed TTM for 2547 tickers
    Computed quarterly YoY revenue growth for 2161 tickers
  Computing median daily dollar volume (trailing 30d)...
    Computed liquidity for 5533 tickers
  Beta: 5456 tickers, Vol: 5478 tickers

Building v1 snapshot...
  Finviz disabled (no look-ahead).
  Building stock snapshot...
    Processed 1000/6580
    Processed 1500/6580
    Processed 2000/6580
    Processed 3000/6580
    Processed 5000/6580
    Processed 6000/6580
    Processed 6500/6580
    Processed 2322 stocks (Market Cap > $300,000,000, Min Daily Vol $1,000,000)
    0 tickers have unknown filing date (defaulted to stale)

  Unmapped industries (6 stocks total):
       6  nan
  Snapshot: 2322 stocks

Running v2 pipeline...
  GICS mapped: 2316/2322
  Regime: R2  [R2=0.321, R3=0.231, R5=0.163, R1=0.159, R4=0.126]
  Scored: 1848/2322
  Price-sentiment: dist52w=2301, momo12-1=2226

Forward-return universe: 5190 tickers
  Survivorship proxy: +137 delisted tickers @ -30% (Shumway 1997 anchor)
  Forward-return universe (corrected): 5327 tickers
With both score and forward return: 1844
  Costs: floor=42.9bps + impact=60.8bps (round-trip 2x in net return)
  realized_vol coverage: 1844/1844  avg_dollar_volume_30d coverage: 1844/1844

======================================================================
DECILE FORWARD RETURNS (2022->2023, regime=R2)
======================================================================
          n  mean_ret  median_ret  std_ret  sharpe  win_rate
decile                                                      
1       185    0.0222     -0.0659   0.6549  0.0339    0.4486
2       184    0.1578      0.0845   0.5613  0.2811    0.5489
3       184    0.0644     -0.0176   0.5449  0.1182    0.4837
4       185    0.1503      0.0414   0.5673  0.2650    0.5405
5       184    0.1035      0.0420   0.3976  0.2603    0.5435
6       185    0.1062      0.0490   0.4431  0.2398    0.5459
7       185    0.1130      0.0928   0.3577  0.3158    0.6162
8       183    0.1534      0.1324   0.3667  0.4184    0.6557
9       184    0.1617      0.1523   0.3636  0.4448    0.6848
10      185    0.1730      0.1088   0.3963  0.4366    0.6757

Top decile mean:    +17.30%
Universe mean:       +7.70%  (n=5327 incl. 137 delisted-proxy)
TOP-DECILE ALPHA:    +9.60%  <-- realistic long-only edge
(Bottom decile:      +2.22%)
(Long-short spread: +15.08%  -- aspirational; bottom often unshortable)

Net of costs:
  Top decile:     +15.72%
  Bottom decile:   -0.55%
  Net spread:     +16.27%
  Cost drag:       -118.6 bps
  TOP-ALPHA NET:     +5.74%

  Top-decile drawdown: -10.76%
  Top-decile Calmar:   1.72
  Bot-decile drawdown: -19.35%

  HRP top-decile (Stage 1.2, n=185):  fwd= +0.05%  dd=-0.07%  Calmar=0.75  max_w=72.4%
  Equal-weight (same names):       fwd=+20.22%  dd=-10.76%  vol_reduction=+99.5%

  Survivorship: 864/3896 (22.2%) delisted since 2022

  Sector-neutral: top=+13.42%, bot=+1.45%, spread=+11.97%, alpha=+5.72%

  IC (Spearman rank): +0.1262
  Factor ICs:
    valuation   IC=+0.0439
    quality     IC=+0.1348
    growth      IC=+0.1255
    sentiment   IC=+0.0145
  Sensitivity (+/-5pp, mode=approx_blend):
    Reported spread:  +15.08%
    Sensitivity base:  +7.82%  (should approximate reported spread)
    Range:            [+5.53%, +11.02%]  width=+5.50%
    V+5%: spread=+7.10%
    V-5%: spread=+8.00%
    Q+5%: spread=+8.43%
    Q-5%: spread=+9.27%
    G+5%: spread=+11.02%
    G-5%: spread=+5.53%
    S+5%: spread=+6.91%
    S-5%: spread=+8.13%

  Top-decile sector concentration (n=185):
    industrials            43 ( 23.2%)
    consumer_disc          39 ( 21.1%)
    healthcare             28 ( 15.1%)
    tech_hardware          20 ( 10.8%)
    tech_software          18 (  9.7%)

  Universe-vs-top-decile sector representation:
    sector                univ_n  univ_%  top_n  top_% over/under
    consumer_disc            271   14.7%     39  21.1%      +6.4pp
    consumer_staples          82    4.4%     14   7.6%      +3.1pp
    energy                    83    4.5%      6   3.2%      -1.3pp
    healthcare               400   21.7%     28  15.1%      -6.6pp
    industrials              365   19.8%     43  23.2%      +3.4pp
    non_bank_financial        68    3.7%      6   3.2%      -0.4pp
    reits                    139    7.5%      9   4.9%      -2.7pp
    tech_hardware            123    6.7%     20  10.8%      +4.1pp
    tech_software            265   14.4%     18   9.7%      -4.6pp
    utilities                 48    2.6%      2   1.1%      -1.5pp

======================================================================
Period: 2022->2023  (T10Y=0.0388, ISM=49, CPI=6.5%, curve=-0.60, OAS=450)
======================================================================

Filtering to as-of 2022-12-31...
  income annual:       7717  (of    17061)
  cashflow annual:     7718  (of    17060)
  income quarterly:   25076  (of   50548)
  sp daily (cutoff): 3243900  (of 6248377)

Computing point-in-time inputs...
  Computing Beta from daily returns (cap-weighted proxy)...
    5570 tickers with return data
    Filtered 634 extreme daily returns (>100%)
    Computed Beta for 5503 tickers
    Computed realized volatility for 5534 tickers
  Computing 52-week high/low...
    Computed 52w high/low for 5460 tickers
  Computing price momentum and 52w distance...
    Computed momentum for 5602 tickers
    Computed history metrics for 4147 tickers
  Computing TTM (trailing twelve months)...
    Computed TTM for 2683 tickers
    Computed quarterly YoY revenue growth for 2263 tickers
  Computing median daily dollar volume (trailing 30d)...
    Computed liquidity for 5621 tickers
  Beta: 5503 tickers, Vol: 5524 tickers

Building v1 snapshot...
  Finviz disabled (no look-ahead).
  Building stock snapshot...
    Processed 500/6580
    Processed 1000/6580
    Processed 1500/6580
    Processed 2000/6580
    Processed 3000/6580
    Processed 5000/6580
    Processed 6000/6580
    Processed 6500/6580
    Processed 2309 stocks (Market Cap > $300,000,000, Min Daily Vol $1,000,000)
    0 tickers have unknown filing date (defaulted to stale)

  Unmapped industries (6 stocks total):
       6  nan
  Snapshot: 2309 stocks

Running v2 pipeline...
  GICS mapped: 2303/2309
  Regime: R3  [R3=0.295, R2=0.260, R5=0.152, R4=0.148, R1=0.145]
  Scored: 1808/2309
  Price-sentiment: dist52w=2243, momo12-1=2293

Forward-return universe: 5155 tickers
  Survivorship proxy: +220 delisted tickers @ -30% (Shumway 1997 anchor)
  Forward-return universe (corrected): 5375 tickers
With both score and forward return: 1805
  Costs: floor=42.8bps + impact=62.9bps (round-trip 2x in net return)
  realized_vol coverage: 1803/1805  avg_dollar_volume_30d coverage: 1805/1805

======================================================================
DECILE FORWARD RETURNS (2022->2023, regime=R3)
======================================================================
          n  mean_ret  median_ret  std_ret  sharpe  win_rate
decile                                                      
1       182    0.1412      0.0040   0.7533  0.1874    0.5055
2       180    0.1037     -0.0056   0.6927  0.1497    0.4944
3       180    0.1218      0.0928   0.4118  0.2957    0.6167
4       181    0.0824      0.0904   0.3715  0.2218    0.5967
5       180    0.0924      0.0846   0.4632  0.1995    0.6222
6       180    0.0826      0.0207   0.3989  0.2071    0.5278
7       180    0.1842      0.1032   0.4381  0.4205    0.6722
8       181    0.0981      0.0484   0.4414  0.2223    0.5525
9       180    0.1069      0.1114   0.3777  0.2830    0.6500
10      181    0.1740      0.1173   0.4883  0.3563    0.6409

Top decile mean:    +17.40%
Universe mean:       +9.16%  (n=5375 incl. 220 delisted-proxy)
TOP-DECILE ALPHA:    +8.24%  <-- realistic long-only edge
(Bottom decile:     +14.12%)
(Long-short spread:  +3.29%  -- aspirational; bottom often unshortable)

Net of costs:
  Top decile:     +15.63%
  Bottom decile:  +11.30%
  Net spread:      +4.33%
  Cost drag:       -104.4 bps
  TOP-ALPHA NET:     +5.87%

  Top-decile drawdown: -9.74%
  Top-decile Calmar:   1.85
  Bot-decile drawdown: -29.36%

  HRP top-decile (Stage 1.2, n=181):  fwd= +0.00%  dd=-0.00%  Calmar=0.46  max_w=25.0%
  Equal-weight (same names):       fwd=+19.68%  dd=-9.74%  vol_reduction=+100.0%

  Survivorship: 867/3910 (22.2%) delisted since 2022

  Sector-neutral: top=+11.77%, bot=+13.25%, spread=-1.48%, alpha=+2.60%

  IC (Spearman rank): +0.0660
  Factor ICs:
    valuation   IC=+0.0442
    quality     IC=+0.0970
    growth      IC=+0.0547
    sentiment   IC=-0.0631
  Sensitivity (+/-5pp, mode=approx_blend):
    Reported spread:   +3.29%
    Sensitivity base:  -7.26%  (should approximate reported spread)
    Range:            [-11.11%, -5.07%]  width=+6.05%
    V+5%: spread=-10.27%
    V-5%: spread=-6.57%
    Q+5%: spread=-7.98%
    Q-5%: spread=-9.14%
    G+5%: spread=-8.00%
    G-5%: spread=-11.11%
    S+5%: spread=-9.78%
    S-5%: spread=-5.07%

  Top-decile sector concentration (n=181):
    consumer_disc          50 ( 27.6%)
    industrials            40 ( 22.1%)
    healthcare             25 ( 13.8%)
    tech_software          18 (  9.9%)
    tech_hardware          14 (  7.7%)

  Universe-vs-top-decile sector representation:
    sector                univ_n  univ_%  top_n  top_% over/under
    consumer_disc            262   14.5%     50  27.6%     +13.1pp
    consumer_staples          53    2.9%      7   3.9%      +0.9pp
    energy                    83    4.6%     12   6.6%      +2.0pp
    healthcare               414   22.9%     25  13.8%      -9.1pp
    industrials              361   20.0%     40  22.1%      +2.1pp
    non_bank_financial        68    3.8%      3   1.7%      -2.1pp
    reits                    133    7.4%      9   5.0%      -2.4pp
    tech_hardware            124    6.9%     14   7.7%      +0.9pp
    tech_software            258   14.3%     18   9.9%      -4.3pp
    utilities                 49    2.7%      3   1.7%      -1.1pp

======================================================================
Period: 2023->2024  (T10Y=0.0375, ISM=46, CPI=3.0%, curve=-0.95, OAS=410)
======================================================================

Filtering to as-of 2023-06-30...
  income annual:      10923  (of    17061)
  cashflow annual:    10925  (of    17060)
  income quarterly:   30309  (of   50548)
  sp daily (cutoff): 3895912  (of 6248377)

Computing point-in-time inputs...
  Computing Beta from daily returns (cap-weighted proxy)...
    5592 tickers with return data
    Filtered 522 extreme daily returns (>100%)
    Computed Beta for 5512 tickers
    Computed realized volatility for 5549 tickers
  Computing 52-week high/low...
    Computed 52w high/low for 5470 tickers
  Computing price momentum and 52w distance...
    Computed momentum for 5676 tickers
    Computed history metrics for 4329 tickers
  Computing TTM (trailing twelve months)...
    Computed TTM for 2774 tickers
    Computed quarterly YoY revenue growth for 2339 tickers
  Computing median daily dollar volume (trailing 30d)...
    Computed liquidity for 5694 tickers
  Beta: 5512 tickers, Vol: 5540 tickers

Building v1 snapshot...
  Finviz disabled (no look-ahead).
  Building stock snapshot...
    Processed 500/6580
    Processed 1000/6580
    Processed 1500/6580
    Processed 2000/6580
    Processed 3000/6580
    Processed 5000/6580
    Processed 6000/6580
    Processed 6500/6580
    Processed 2401 stocks (Market Cap > $300,000,000, Min Daily Vol $1,000,000)
    0 tickers have unknown filing date (defaulted to stale)

  Unmapped industries (7 stocks total):
       7  nan
  Snapshot: 2401 stocks

Running v2 pipeline...
  GICS mapped: 2394/2401
  Regime: R3  [R3=0.422, R4=0.159, R2=0.149, R1=0.137, R5=0.133]
  Scored: 1939/2401
  Price-sentiment: dist52w=2307, momo12-1=2381

Forward-return universe: 5070 tickers
  Survivorship proxy: +344 delisted tickers @ -30% (Shumway 1997 anchor)
  Forward-return universe (corrected): 5414 tickers
With both score and forward return: 1935
  Costs: floor=42.3bps + impact=59.7bps (round-trip 2x in net return)
  realized_vol coverage: 1910/1935  avg_dollar_volume_30d coverage: 1935/1935

======================================================================
DECILE FORWARD RETURNS (2023->2024, regime=R3)
======================================================================
          n  mean_ret  median_ret  std_ret  sharpe  win_rate
decile                                                      
1       194   -0.0999     -0.2228   0.5940 -0.1682    0.3711
2       193   -0.0260     -0.1286   0.5038 -0.0515    0.4093
3       194   -0.0072     -0.1110   0.4799 -0.0151    0.4021
4       194   -0.0123     -0.0322   0.4550 -0.0271    0.4381
5       193    0.0072     -0.0296   0.4149  0.0174    0.4560
6       193    0.0366     -0.0272   0.4583  0.0799    0.4560
7       193    0.0917      0.0308   0.4724  0.1941    0.5492
8       194    0.0906      0.0576   0.4266  0.2125    0.6031
9       193    0.1314      0.0646   0.4255  0.3088    0.6218
10      194    0.1793      0.0727   0.5649  0.3174    0.5928

Top decile mean:    +17.93%
Universe mean:       +2.46%  (n=5414 incl. 344 delisted-proxy)
TOP-DECILE ALPHA:   +15.47%  <-- realistic long-only edge
(Bottom decile:      -9.99%)
(Long-short spread: +27.92%  -- aspirational; bottom often unshortable)

Net of costs:
  Top decile:     +16.25%
  Bottom decile:  -12.64%
  Net spread:     +28.89%
  Cost drag:        -96.8 bps
  TOP-ALPHA NET:    +14.38%

  Top-decile drawdown: -11.62%
  Top-decile Calmar:   1.38
  Bot-decile drawdown: -29.46%

  HRP top-decile (Stage 1.2, n=193):  fwd= +5.55%  dd=-3.78%  Calmar=1.35  max_w=39.5%
  Equal-weight (same names):       fwd=+17.27%  dd=-11.74%  vol_reduction=+69.3%

  Survivorship: 923/4145 (22.3%) delisted since 2023

  Sector-neutral: top=+17.86%, bot=-5.70%, spread=+23.56%, alpha=+15.40%

  IC (Spearman rank): +0.2052
  Factor ICs:
    valuation   IC=+0.1486
    quality     IC=+0.1377
    growth      IC=+0.0480
    sentiment   IC=+0.1113
  Sensitivity (+/-5pp, mode=approx_blend):
    Reported spread:  +27.92%
    Sensitivity base: +26.92%  (should approximate reported spread)
    Range:            [+25.86%, +28.58%]  width=+2.73%
    V+5%: spread=+26.35%
    V-5%: spread=+26.73%
    Q+5%: spread=+26.97%
    Q-5%: spread=+27.52%
    G+5%: spread=+25.86%
    G-5%: spread=+27.18%
    S+5%: spread=+28.58%
    S-5%: spread=+27.19%

  Top-decile sector concentration (n=194):
    consumer_disc          51 ( 26.3%)
    industrials            41 ( 21.1%)
    tech_software          28 ( 14.4%)
    healthcare             22 ( 11.3%)
    tech_hardware          18 (  9.3%)

  Universe-vs-top-decile sector representation:
    sector                univ_n  univ_%  top_n  top_% over/under
    consumer_disc            298   15.4%     51  26.3%     +10.9pp
    consumer_staples          52    2.7%      4   2.1%      -0.6pp
    energy                    88    4.5%     12   6.2%      +1.6pp
    healthcare               425   22.0%     22  11.3%     -10.6pp
    industrials              376   19.4%     41  21.1%      +1.7pp
    non_bank_financial        76    3.9%      7   3.6%      -0.3pp
    reits                    139    7.2%      9   4.6%      -2.5pp
    tech_hardware            161    8.3%     18   9.3%      +1.0pp
    tech_software            268   13.9%     28  14.4%      +0.6pp
    utilities                 52    2.7%      2   1.0%      -1.7pp

======================================================================
Period: 2023->2024  (T10Y=0.0388, ISM=47, CPI=3.9%, curve=-0.40, OAS=380)
======================================================================

Filtering to as-of 2023-12-31...
  income annual:      11309  (of    17061)
  cashflow annual:    11310  (of    17060)
  income quarterly:   35476  (of   50548)
  sp daily (cutoff): 4548082  (of 6248377)

Computing point-in-time inputs...
  Computing Beta from daily returns (cap-weighted proxy)...
    5552 tickers with return data
    Filtered 518 extreme daily returns (>100%)
    Computed Beta for 5484 tickers
    Computed realized volatility for 5507 tickers
  Computing 52-week high/low...
    Computed 52w high/low for 5421 tickers
  Computing price momentum and 52w distance...
    Computed momentum for 5724 tickers
    Computed history metrics for 4329 tickers
  Computing TTM (trailing twelve months)...
    Computed TTM for 2822 tickers
    Computed quarterly YoY revenue growth for 2368 tickers
  Computing median daily dollar volume (trailing 30d)...
    Computed liquidity for 5741 tickers
  Beta: 5484 tickers, Vol: 5495 tickers

Building v1 snapshot...
  Finviz disabled (no look-ahead).
  Building stock snapshot...
    Processed 500/6580
    Processed 1000/6580
    Processed 1500/6580
    Processed 2000/6580
    Processed 3000/6580
    Processed 5000/6580
    Processed 6000/6580
    Processed 6500/6580
    Processed 2406 stocks (Market Cap > $300,000,000, Min Daily Vol $1,000,000)
    0 tickers have unknown filing date (defaulted to stale)

  Unmapped industries (6 stocks total):
       6  nan
  Snapshot: 2406 stocks

Running v2 pipeline...
  GICS mapped: 2400/2406
  Regime: R3  [R3=0.319, R2=0.210, R5=0.172, R1=0.160, R4=0.139]
  Scored: 1935/2406
  Price-sentiment: dist52w=2270, momo12-1=2395

Forward-return universe: 4940 tickers
  Survivorship proxy: +464 delisted tickers @ -30% (Shumway 1997 anchor)
  Forward-return universe (corrected): 5404 tickers
With both score and forward return: 1930
  Costs: floor=42.2bps + impact=59.5bps (round-trip 2x in net return)
  realized_vol coverage: 1873/1930  avg_dollar_volume_30d coverage: 1930/1930

======================================================================
DECILE FORWARD RETURNS (2023->2024, regime=R3)
======================================================================
          n  mean_ret  median_ret  std_ret  sharpe  win_rate
decile                                                      
1       194    0.0113     -0.1406   0.6003  0.0188    0.4227
2       193   -0.0798     -0.1815   0.4256 -0.1875    0.3627
3       192    0.0384     -0.0700   0.5576  0.0689    0.4271
4       193    0.0097     -0.0535   0.5527  0.0176    0.4041
5       193    0.0020     -0.0596   0.3851  0.0051    0.4352
6       193    0.0521     -0.0248   0.4549  0.1144    0.4663
7       194    0.1027      0.0467   0.4299  0.2390    0.5619
8       192    0.0408     -0.0194   0.4333  0.0941    0.4792
9       193    0.1488      0.1073   0.4219  0.3526    0.6218
10      193    0.1189      0.0815   0.4417  0.2692    0.5751

Top decile mean:    +11.89%
Universe mean:       +3.43%  (n=5404 incl. 464 delisted-proxy)
TOP-DECILE ALPHA:    +8.46%  <-- realistic long-only edge
(Bottom decile:      +1.13%)
(Long-short spread: +10.76%  -- aspirational; bottom often unshortable)

Net of costs:
  Top decile:     +10.19%
  Bottom decile:   -1.57%
  Net spread:     +11.76%
  Cost drag:        -99.6 bps
  TOP-ALPHA NET:     +7.77%

  Top-decile drawdown: -5.64%
  Top-decile Calmar:   2.13
  Bot-decile drawdown: -9.39%

  HRP top-decile (Stage 1.2, n=193):  fwd= +5.28%  dd=-1.28%  Calmar=3.79  max_w=17.0%
  Equal-weight (same names):       fwd=+13.05%  dd=-5.64%  vol_reduction=+73.7%

  Survivorship: 925/4160 (22.2%) delisted since 2023

  Sector-neutral: top=+12.07%, bot=+0.32%, spread=+11.75%, alpha=+8.64%

  IC (Spearman rank): +0.1666
  Factor ICs:
    valuation   IC=+0.0235
    quality     IC=+0.0399
    growth      IC=+0.0671
    sentiment   IC=+0.1780
  Sensitivity (+/-5pp, mode=approx_blend):
    Reported spread:  +10.76%
    Sensitivity base:  +9.99%  (should approximate reported spread)
    Range:            [+7.68%, +11.93%]  width=+4.26%
    V+5%: spread=+7.84%
    V-5%: spread=+9.83%
    Q+5%: spread=+8.93%
    Q-5%: spread=+7.70%
    G+5%: spread=+9.92%
    G-5%: spread=+7.68%
    S+5%: spread=+11.93%
    S-5%: spread=+8.21%

  Top-decile sector concentration (n=193):
    industrials            43 ( 22.3%)
    consumer_disc          40 ( 20.7%)
    tech_software          34 ( 17.6%)
    healthcare             20 ( 10.4%)
    tech_hardware          19 (  9.8%)

  Universe-vs-top-decile sector representation:
    sector                univ_n  univ_%  top_n  top_% over/under
    consumer_disc            304   15.8%     40  20.7%      +5.0pp
    consumer_staples          57    3.0%      4   2.1%      -0.9pp
    energy                    86    4.5%      8   4.1%      -0.3pp
    healthcare               415   21.5%     20  10.4%     -11.1pp
    industrials              370   19.2%     43  22.3%      +3.1pp
    non_bank_financial        80    4.1%      9   4.7%      +0.5pp
    reits                    140    7.3%     13   6.7%      -0.5pp
    tech_hardware            131    6.8%     19   9.8%      +3.1pp
    tech_software            295   15.3%     34  17.6%      +2.3pp
    utilities                 52    2.7%      3   1.6%      -1.1pp

======================================================================
TOP-VS-BOTTOM BY SECTOR (most recent period)
======================================================================
  consumer_disc      n= 304  top=+13.74%  bot= -8.71%  spread=+22.45%
  consumer_staples   n=  57  top=-10.87%  bot= -3.18%  spread= -7.69%
  energy             n=  86  top=+24.54%  bot=+20.62%  spread= +3.93%
  healthcare         n= 415  top= +1.62%  bot= -8.84%  spread=+10.46%
  industrials        n= 370  top=+19.20%  bot= +5.66%  spread=+13.54%
  non_bank_financial n=  80  top=+29.34%  bot=+21.36%  spread= +7.98%
  reits              n= 140  top= -3.63%  bot= -5.74%  spread= +2.12%
  tech_hardware      n= 131  top=+19.46%  bot= -0.50%  spread=+19.96%
  tech_software      n= 295  top=+16.33%  bot= -2.28%  spread=+18.60%
  utilities          n=  52  top=+16.06%  bot= -8.41%  spread=+24.46%


======================================================================
MULTI-PERIOD SUMMARY
======================================================================
  Period              n    TopDec      Univ     ALPHA   AlphaNet    BotDec    Spread   Sharpe       DD   Calmar    Turn      Regime
  -------------- ------  --------  --------  --------  ---------  --------  --------  -------  -------  -------  ------  ----------
  2021->2022       1889  -18.12%  -21.67%   +3.54%    +5.49%  -38.65%  +20.53%   -0.55  -26.03%   -0.68                  R2
  2021->2022       2012  -16.93%  -16.53%   -0.40%    +3.11%  -36.46%  +19.53%   -0.59  -17.65%   -0.80  64.9%          R2
  2022->2023       1844  +17.30%   +7.70%   +9.60%    +5.74%   +2.22%  +15.08%   +0.44  -10.76%   +1.72  61.4%          R2
  2022->2023       1805  +17.40%   +9.16%   +8.24%    +5.87%  +14.12%   +3.29%   +0.36  -9.74%   +1.85  42.7%          R3
  2023->2024       1935  +17.93%   +2.46%  +15.47%   +14.38%   -9.99%  +27.92%   +0.32  -11.62%   +1.38  58.2%          R3
  2023->2024       1930  +11.89%   +3.43%   +8.46%    +7.77%   +1.13%  +10.76%   +0.27  -5.64%   +2.13  40.2%          R3
  --------------
  Mean Alpha                                  +7.49%    +7.06%                      <-- realistic long-only edge
  Mean Spread                                                               +16.19%  <-- aspirational; bottom often unshortable
  Mean NetSpr                                                               +17.19%
  Alpha Hit Rate:   5/6 periods where top_alpha > 0
  Spread Hit Rate:  6/6 periods where spread > 0

======================================================================
HRP TOP-DECILE vs EQUAL-WEIGHT (Quantum ｧStage 1.2)
======================================================================
  Period             n    HRP fwd     EW fwd    HRP dd     EW dd  HRP Cal   VolRed    MaxW
  2021->2022       185   -10.09%   -18.10%  -19.85%  -25.70%   -0.47   +12.1%   3.3%
  2021->2022       201   -10.57%   -15.29%  -13.61%  -17.68%   -0.72   +26.9%   7.7%
  2022->2023       185    +0.05%   +20.22%   -0.07%  -10.76%   +0.75   +99.5%  72.4%
  2022->2023       181    +0.00%   +19.68%   -0.00%   -9.74%   +0.46  +100.0%  25.0%
  2023->2024       193    +5.55%   +17.27%   -3.78%  -11.74%   +1.35   +69.3%  39.5%
  2023->2024       193    +5.28%   +13.05%   -1.28%   -5.64%   +3.79   +73.7%  17.0%
  --------------
  Mean                    -1.63%    +6.14%                                +63.6%

======================================================================
REGIME BREAKDOWN
======================================================================
  R2          n_periods=3  mean_spread=+18.38%  hit_rate=3/3
  R3          n_periods=3  mean_spread=+13.99%  hit_rate=3/3

======================================================================
INFORMATION COEFFICIENT BY PERIOD
======================================================================
  2021->2022      IC=+0.2212
  2021->2022      IC=+0.1735
  2022->2023      IC=+0.1262
  2022->2023      IC=+0.0660
  2023->2024      IC=+0.2052
  2023->2024      IC=+0.1666
  ---           
  Mean IC:          +0.1598
  Std IC:           0.0516
  IC/sqrt(N):       +0.3913  (t-stat proxy)
  IC > 0 periods:   6/6

======================================================================
FACTOR IC BY PERIOD
======================================================================
  Period            valu    qual    grow    sent
  --------------  ------  ------  ------  ------
  2021->2022      +0.3602  +0.2735     N/A  -0.1048
  2021->2022      +0.3309  +0.1950  -0.0289  -0.0011
  2022->2023      +0.0439  +0.1348  +0.1255  +0.0145
  2022->2023      +0.0442  +0.0970  +0.0547  -0.0631
  2023->2024      +0.1486  +0.1377  +0.0480  +0.1113
  2023->2024      +0.0235  +0.0399  +0.0671  +0.1780
  ---             ------  ------  ------  ------
  Mean            +0.1586  +0.1463  +0.0533  +0.0225

======================================================================
SENSITIVITY ANALYSIS (ｱ5pp WEIGHT PERTURBATION)
======================================================================
  Period         BaseSpread  MinSpread  MaxSpread      Range
  -------------- ---------- ---------- ---------- ----------
  2021->2022        +20.53%    +32.45%    +35.02%     +2.57%
  2021->2022        +19.53%    +28.90%    +31.25%     +2.34%
  2022->2023        +15.08%     +5.53%    +11.02%     +5.50%
  2022->2023         +3.29%    -11.11%     -5.07%     +6.05%
  2023->2024        +27.92%    +25.86%    +28.58%     +2.73%
  2023->2024        +10.76%     +7.68%    +11.93%     +4.26%

  Audit log saved to data\audit

======================================================================
CONSISTENCY INTERPRETATION (alpha basis)
======================================================================
  STRONG EDGE: top-decile beats universe by >6% in 5+/6 periods.
  This is a deployable retail edge.

  NOTE: Earlier periods suffer more survivorship bias.
  Top-alpha is less biased than spread (bottom decile is most contaminated).
  Phase 2.2 delisted-ticker proxy partially corrects the universe baseline.

                                                                   Done.
